<?xml version="1.0" encoding="UTF-8"?>
<!-- Generated by org.testng.reporters.JUnitXMLReporter -->
<testsuite ignored="0" hostname="DESKTOP-G7MIJP1" failures="0" tests="5" name="PeopleGrow Test Cases" time="104.685" errors="0" timestamp="2023-09-11T19:40:02 IST">
  <testcase classname="com.Assignment1.qa.testcases.SignInLinkTest" name="signInButtonLinkTest" time="1.548"/>
  <testcase classname="com.Assignment1.qa.testcases.LoginPageTest" name="LoginPageTitle" time="0.013"/>
  <testcase classname="com.Assignment1.qa.testcases.LoginPageTest" name="LoginTest" time="2.805"/>
  <testcase classname="com.Assignment1.qa.testcases.HomePageTest" name="verifySenoirQA" time="20.868"/>
  <testcase classname="com.Assignment1.qa.testcases.InboxPageTest" name="VerifyinBoxdetailsTest" time="9.07"/>
</testsuite> <!-- PeopleGrow Test Cases -->
