<?xml version="1.0" encoding="UTF-8"?>
<testng-results ignored="0" total="5" passed="5" failed="0" skipped="0">
  <reporter-output>
  </reporter-output>
  <suite started-at="2023-09-11T19:38:17 IST" name="PeopleGrow Automation Test Assignment1" finished-at="2023-09-11T19:40:02 IST" duration-ms="104685">
    <groups>
    </groups>
    <test started-at="2023-09-11T19:38:17 IST" name="PeopleGrow Test Cases" finished-at="2023-09-11T19:40:02 IST" duration-ms="104685">
      <class name="com.Assignment1.qa.testcases.SignInLinkTest">
        <test-method is-config="true" signature="setUp()[pri:0, instance:com.Assignment1.qa.testcases.SignInLinkTest@1a942c18]" started-at="2023-09-11T19:38:17 IST" name="setUp" finished-at="2023-09-11T19:38:24 IST" duration-ms="7419" status="PASS">
          <reporter-output>
          </reporter-output>
        </test-method> <!-- setUp -->
        <test-method signature="signInButtonLinkTest()[pri:0, instance:com.Assignment1.qa.testcases.SignInLinkTest@1a942c18]" started-at="2023-09-11T19:38:24 IST" name="signInButtonLinkTest" finished-at="2023-09-11T19:38:26 IST" duration-ms="1548" status="PASS">
          <reporter-output>
          </reporter-output>
        </test-method> <!-- signInButtonLinkTest -->
      </class> <!-- com.Assignment1.qa.testcases.SignInLinkTest -->
      <class name="com.Assignment1.qa.testcases.HomePageTest">
        <test-method is-config="true" signature="setUp()[pri:0, instance:com.Assignment1.qa.testcases.HomePageTest@75d3a5e0]" started-at="2023-09-11T19:38:45 IST" name="setUp" finished-at="2023-09-11T19:39:01 IST" duration-ms="15789" status="PASS">
          <reporter-output>
          </reporter-output>
        </test-method> <!-- setUp -->
        <test-method signature="verifySenoirQA()[pri:0, instance:com.Assignment1.qa.testcases.HomePageTest@75d3a5e0]" started-at="2023-09-11T19:39:01 IST" name="verifySenoirQA" finished-at="2023-09-11T19:39:22 IST" duration-ms="20868" status="PASS">
          <reporter-output>
          </reporter-output>
        </test-method> <!-- verifySenoirQA -->
      </class> <!-- com.Assignment1.qa.testcases.HomePageTest -->
      <class name="com.Assignment1.qa.testcases.InboxPageTest">
        <test-method is-config="true" signature="setUp()[pri:0, instance:com.Assignment1.qa.testcases.InboxPageTest@74d1dc36]" started-at="2023-09-11T19:39:22 IST" name="setUp" finished-at="2023-09-11T19:39:53 IST" duration-ms="30666" status="PASS">
          <reporter-output>
          </reporter-output>
        </test-method> <!-- setUp -->
        <test-method signature="VerifyinBoxdetailsTest()[pri:0, instance:com.Assignment1.qa.testcases.InboxPageTest@74d1dc36]" started-at="2023-09-11T19:39:53 IST" name="VerifyinBoxdetailsTest" finished-at="2023-09-11T19:40:02 IST" duration-ms="9070" status="PASS">
          <reporter-output>
          </reporter-output>
        </test-method> <!-- VerifyinBoxdetailsTest -->
      </class> <!-- com.Assignment1.qa.testcases.InboxPageTest -->
      <class name="com.Assignment1.qa.testcases.LoginPageTest">
        <test-method is-config="true" signature="setUp()[pri:0, instance:com.Assignment1.qa.testcases.LoginPageTest@2034b64c]" started-at="2023-09-11T19:38:26 IST" name="setUp" finished-at="2023-09-11T19:38:35 IST" duration-ms="9295" status="PASS">
          <reporter-output>
          </reporter-output>
        </test-method> <!-- setUp -->
        <test-method signature="LoginPageTitle()[pri:0, instance:com.Assignment1.qa.testcases.LoginPageTest@2034b64c]" started-at="2023-09-11T19:38:35 IST" name="LoginPageTitle" finished-at="2023-09-11T19:38:35 IST" duration-ms="13" status="PASS">
          <reporter-output>
          </reporter-output>
        </test-method> <!-- LoginPageTitle -->
        <test-method is-config="true" signature="setUp()[pri:0, instance:com.Assignment1.qa.testcases.LoginPageTest@2034b64c]" started-at="2023-09-11T19:38:35 IST" name="setUp" finished-at="2023-09-11T19:38:42 IST" duration-ms="7122" status="PASS">
          <reporter-output>
          </reporter-output>
        </test-method> <!-- setUp -->
        <test-method signature="LoginTest()[pri:0, instance:com.Assignment1.qa.testcases.LoginPageTest@2034b64c]" started-at="2023-09-11T19:38:42 IST" name="LoginTest" finished-at="2023-09-11T19:38:45 IST" duration-ms="2805" status="PASS">
          <reporter-output>
          </reporter-output>
        </test-method> <!-- LoginTest -->
      </class> <!-- com.Assignment1.qa.testcases.LoginPageTest -->
    </test> <!-- PeopleGrow Test Cases -->
  </suite> <!-- PeopleGrow Automation Test Assignment1 -->
</testng-results>
